<?xml version="1.0" encoding="UTF-8"?>
<testng-results ignored="0" total="1" passed="1" failed="0" skipped="0">
  <reporter-output>
  </reporter-output>
  <suite started-at="2024-05-13T12:26:26 EDT" name="Default suite" finished-at="2024-05-13T12:26:26 EDT" duration-ms="40">
    <groups>
    </groups>
    <test started-at="2024-05-13T12:26:26 EDT" name="Default test" finished-at="2024-05-13T12:26:26 EDT" duration-ms="40">
      <class name="OOPs.ChildClass">
        <test-method is-config="true" signature="beforeRun()[pri:0, instance:OOPs.ChildClass@e056f20]" started-at="2024-05-13T12:26:26 EDT" name="beforeRun" finished-at="2024-05-13T12:26:26 EDT" duration-ms="3" status="PASS">
          <reporter-output>
          </reporter-output>
        </test-method> <!-- beforeRun -->
        <test-method signature="childMethod1()[pri:0, instance:OOPs.ChildClass@e056f20]" started-at="2024-05-13T12:26:26 EDT" name="childMethod1" finished-at="2024-05-13T12:26:26 EDT" duration-ms="6" status="PASS">
          <reporter-output>
          </reporter-output>
        </test-method> <!-- childMethod1 -->
        <test-method is-config="true" signature="afterRun()[pri:0, instance:OOPs.ChildClass@e056f20]" started-at="2024-05-13T12:26:26 EDT" name="afterRun" finished-at="2024-05-13T12:26:26 EDT" duration-ms="0" status="PASS">
          <reporter-output>
          </reporter-output>
        </test-method> <!-- afterRun -->
      </class> <!-- OOPs.ChildClass -->
    </test> <!-- Default test -->
  </suite> <!-- Default suite -->
</testng-results>
